0 info it worked if it ends with ok
1 verbose cli [ '/usr/local/bin/node',
1 verbose cli   '/usr/local/bin/npm',
1 verbose cli   'install',
1 verbose cli   '-g',
1 verbose cli   'cordova' ]
2 info using npm@2.15.1
3 info using node@v4.4.4
4 verbose install initial load of /usr/local/lib/package.json
5 verbose readDependencies loading dependencies from /usr/local/lib/package.json
6 silly cache add args [ 'cordova', null ]
7 verbose cache add spec cordova
8 silly cache add parsed spec Result {
8 silly cache add   raw: 'cordova',
8 silly cache add   scope: null,
8 silly cache add   name: 'cordova',
8 silly cache add   rawSpec: '',
8 silly cache add   spec: 'latest',
8 silly cache add   type: 'tag' }
9 silly addNamed cordova@latest
10 verbose addNamed "latest" is being treated as a dist-tag for cordova
11 info addNameTag [ 'cordova', 'latest' ]
12 silly mapToRegistry name cordova
13 silly mapToRegistry using default registry
14 silly mapToRegistry registry https://registry.npmjs.org/
15 silly mapToRegistry data Result {
15 silly mapToRegistry   raw: 'cordova',
15 silly mapToRegistry   scope: null,
15 silly mapToRegistry   name: 'cordova',
15 silly mapToRegistry   rawSpec: '',
15 silly mapToRegistry   spec: 'latest',
15 silly mapToRegistry   type: 'tag' }
16 silly mapToRegistry uri https://registry.npmjs.org/cordova
17 verbose addNameTag registry:https://registry.npmjs.org/cordova not in flight; fetching
18 verbose request uri https://registry.npmjs.org/cordova
19 verbose request no auth needed
20 info attempt registry request try #1 at 19:02:06
21 verbose request id dbe7f2601c54da0f
22 verbose etag "AFNMAJ04INMGK0F7PXB01F3KM"
23 http request GET https://registry.npmjs.org/cordova
24 http 304 https://registry.npmjs.org/cordova
25 verbose headers { date: 'Mon, 23 May 2016 11:02:07 GMT',
25 verbose headers   via: '1.1 varnish',
25 verbose headers   'cache-control': 'max-age=300',
25 verbose headers   etag: '"AFNMAJ04INMGK0F7PXB01F3KM"',
25 verbose headers   age: '30',
25 verbose headers   connection: 'keep-alive',
25 verbose headers   'x-served-by': 'cache-nrt6124-NRT',
25 verbose headers   'x-cache': 'HIT',
25 verbose headers   'x-cache-hits': '1',
25 verbose headers   'x-timer': 'S1464001327.711499,VS0,VE0',
25 verbose headers   vary: 'Accept-Encoding' }
26 silly get cb [ 304,
26 silly get   { date: 'Mon, 23 May 2016 11:02:07 GMT',
26 silly get     via: '1.1 varnish',
26 silly get     'cache-control': 'max-age=300',
26 silly get     etag: '"AFNMAJ04INMGK0F7PXB01F3KM"',
26 silly get     age: '30',
26 silly get     connection: 'keep-alive',
26 silly get     'x-served-by': 'cache-nrt6124-NRT',
26 silly get     'x-cache': 'HIT',
26 silly get     'x-cache-hits': '1',
26 silly get     'x-timer': 'S1464001327.711499,VS0,VE0',
26 silly get     vary: 'Accept-Encoding' } ]
27 verbose etag https://registry.npmjs.org/cordova from cache
28 verbose get saving cordova to /Users/xiongwenhui/.npm/registry.npmjs.org/cordova/.cache.json
29 verbose correctMkdir /Users/xiongwenhui/.npm correctMkdir not in flight; initializing
30 silly addNameTag next cb for cordova with tag latest
31 silly addNamed cordova@6.1.1
32 verbose addNamed "6.1.1" is a plain semver version for cordova
33 silly cache afterAdd cordova@6.1.1
34 verbose afterAdd /Users/xiongwenhui/.npm/cordova/6.1.1/package/package.json not in flight; writing
35 verbose correctMkdir /Users/xiongwenhui/.npm correctMkdir not in flight; initializing
36 verbose afterAdd /Users/xiongwenhui/.npm/cordova/6.1.1/package/package.json written
37 silly install resolved [ { name: 'cordova',
37 silly install resolved     version: '6.1.1',
37 silly install resolved     preferGlobal: 'true',
37 silly install resolved     description: 'Cordova command line interface tool',
37 silly install resolved     main: 'cordova',
37 silly install resolved     engines: { node: '>=0.9.9' },
37 silly install resolved     engineStrict: true,
37 silly install resolved     bin: { cordova: './bin/cordova' },
37 silly install resolved     scripts:
37 silly install resolved      { test: 'node node_modules/jasmine-node/bin/jasmine-node --captureExceptions --color spec',
37 silly install resolved        cover: 'node node_modules/istanbul/lib/cli.js cover --root src --print detail node_modules/jasmine-node/bin/jasmine-node -- spec' },
37 silly install resolved     repository:
37 silly install resolved      { type: 'git',
37 silly install resolved        url: 'https://git-wip-us.apache.org/repos/asf/cordova-cli.git' },
37 silly install resolved     bugs:
37 silly install resolved      { url: 'https://issues.apache.org/jira/browse/CB',
37 silly install resolved        email: 'dev@cordova.apache.org' },
37 silly install resolved     keywords: [ 'cordova', 'client', 'cli' ],
37 silly install resolved     dependencies:
37 silly install resolved      { ansi: '^0.3.0',
37 silly install resolved        'cordova-lib': '6.1.1',
37 silly install resolved        'cordova-common': '^1.1.0',
37 silly install resolved        q: '1.0.1',
37 silly install resolved        nopt: '3.0.1',
37 silly install resolved        underscore: '1.7.0',
37 silly install resolved        'update-notifier': '^0.5.0' },
37 silly install resolved     devDependencies:
37 silly install resolved      { istanbul: '^0.3.4',
37 silly install resolved        grunt: '0.4.5',
37 silly install resolved        'grunt-retire': '0.3.7',
37 silly install resolved        'jasmine-node': '1.14.5' },
37 silly install resolved     author: { name: 'Anis Kadri' },
37 silly install resolved     contributors:
37 silly install resolved      [ [Object],
37 silly install resolved        [Object],
37 silly install resolved        [Object],
37 silly install resolved        [Object],
37 silly install resolved        [Object],
37 silly install resolved        [Object],
37 silly install resolved        [Object],
37 silly install resolved        [Object],
37 silly install resolved        [Object],
37 silly install resolved        [Object],
37 silly install resolved        [Object],
37 silly install resolved        [Object],
37 silly install resolved        [Object],
37 silly install resolved        [Object],
37 silly install resolved        [Object],
37 silly install resolved        [Object],
37 silly install resolved        [Object],
37 silly install resolved        [Object],
37 silly install resolved        [Object],
37 silly install resolved        [Object],
37 silly install resolved        [Object],
37 silly install resolved        [Object],
37 silly install resolved        [Object],
37 silly install resolved        [Object] ],
37 silly install resolved     license: 'Apache-2.0',
37 silly install resolved     _id: 'cordova@6.1.1',
37 silly install resolved     _shasum: '156488fe453182941e6034516d4e0f2f85dd47bc',
37 silly install resolved     _resolved: 'https://registry.npmjs.org/cordova/-/cordova-6.1.1.tgz',
37 silly install resolved     _from: 'cordova@latest',
37 silly install resolved     _npmVersion: '3.8.3',
37 silly install resolved     _nodeVersion: '5.9.1',
37 silly install resolved     _npmUser:
37 silly install resolved      { name: 'kotikov.vladimir',
37 silly install resolved        email: 'kotikov.vladimir@gmail.com' },
37 silly install resolved     dist:
37 silly install resolved      { shasum: '156488fe453182941e6034516d4e0f2f85dd47bc',
37 silly install resolved        tarball: 'https://registry.npmjs.org/cordova/-/cordova-6.1.1.tgz' },
37 silly install resolved     maintainers:
37 silly install resolved      [ [Object],
37 silly install resolved        [Object],
37 silly install resolved        [Object],
37 silly install resolved        [Object],
37 silly install resolved        [Object],
37 silly install resolved        [Object],
37 silly install resolved        [Object],
37 silly install resolved        [Object],
37 silly install resolved        [Object],
37 silly install resolved        [Object],
37 silly install resolved        [Object],
37 silly install resolved        [Object],
37 silly install resolved        [Object],
37 silly install resolved        [Object],
37 silly install resolved        [Object],
37 silly install resolved        [Object],
37 silly install resolved        [Object],
37 silly install resolved        [Object] ],
37 silly install resolved     _npmOperationalInternal:
37 silly install resolved      { host: 'packages-12-west.internal.npmjs.com',
37 silly install resolved        tmp: 'tmp/cordova-6.1.1.tgz_1459545459074_0.8951308054383844' },
37 silly install resolved     directories: {},
37 silly install resolved     readme: 'ERROR: No README data found!' } ]
38 info install cordova@6.1.1 into /usr/local/lib
39 info installOne cordova@6.1.1
40 verbose installOne of cordova to /usr/local/lib not in flight; installing
41 verbose correctMkdir /Users/xiongwenhui/.npm/_locks correctMkdir not in flight; initializing
42 verbose lock using /Users/xiongwenhui/.npm/_locks/cordova-fa12e2e096426a32.lock for /usr/local/lib/node_modules/cordova
43 silly install write writing cordova 6.1.1 to /usr/local/lib/node_modules/cordova
44 verbose unbuild lib/node_modules/cordova
45 silly gentlyRm /usr/local/lib/node_modules/cordova is being purged from base /usr/local
46 verbose gentlyRm don't care about contents; nuking /usr/local/lib/node_modules/cordova
47 verbose tar unpack /Users/xiongwenhui/.npm/cordova/6.1.1/package.tgz
48 verbose tar unpacking to /usr/local/lib/node_modules/cordova
49 silly gentlyRm /usr/local/lib/node_modules/cordova is being purged
50 verbose gentlyRm don't care about contents; nuking /usr/local/lib/node_modules/cordova
51 silly gunzTarPerm modes [ '755', '644' ]
52 error tar.unpack untar error /Users/xiongwenhui/.npm/cordova/6.1.1/package.tgz
53 verbose unlock done using /Users/xiongwenhui/.npm/_locks/cordova-fa12e2e096426a32.lock for /usr/local/lib/node_modules/cordova
54 verbose fstream_path /usr/local/lib/node_modules/cordova
55 verbose fstream_type Directory
56 verbose fstream_class DirWriter
57 verbose stack Error: EACCES: permission denied, mkdir '/usr/local/lib/node_modules/cordova'
57 verbose stack     at Error (native)
58 verbose fstream_stack /usr/local/lib/node_modules/npm/node_modules/fstream/lib/dir-writer.js:35:25
58 verbose fstream_stack /usr/local/lib/node_modules/npm/node_modules/mkdirp/index.js:47:53
58 verbose fstream_stack FSReqWrap.oncomplete (fs.js:82:15)
59 verbose cwd /Users/xiongwenhui/Desktop/lois/src/main/webapp/sonneteck_app
60 error Darwin 15.5.0
61 error argv "/usr/local/bin/node" "/usr/local/bin/npm" "install" "-g" "cordova"
62 error node v4.4.4
63 error npm  v2.15.1
64 error path /usr/local/lib/node_modules/cordova
65 error code EACCES
66 error errno -13
67 error syscall mkdir
68 error Error: EACCES: permission denied, mkdir '/usr/local/lib/node_modules/cordova'
68 error     at Error (native)
68 error  { [Error: EACCES: permission denied, mkdir '/usr/local/lib/node_modules/cordova']
68 error   errno: -13,
68 error   code: 'EACCES',
68 error   syscall: 'mkdir',
68 error   path: '/usr/local/lib/node_modules/cordova',
68 error   fstream_type: 'Directory',
68 error   fstream_path: '/usr/local/lib/node_modules/cordova',
68 error   fstream_class: 'DirWriter',
68 error   fstream_stack:
68 error    [ '/usr/local/lib/node_modules/npm/node_modules/fstream/lib/dir-writer.js:35:25',
68 error      '/usr/local/lib/node_modules/npm/node_modules/mkdirp/index.js:47:53',
68 error      'FSReqWrap.oncomplete (fs.js:82:15)' ] }
69 error Please try running this command again as root/Administrator.
70 verbose exit [ -13, true ]
71 verbose unbuild lib/node_modules/cordova
72 silly gentlyRm /usr/local/lib/node_modules/cordova is being purged from base /usr/local
73 verbose gentlyRm don't care about contents; nuking /usr/local/lib/node_modules/cordova
